<?xml version="1.0" encoding="UTF-8"?>
<!-- Generated by org.testng.reporters.JUnitReportReporter -->
<testsuite skipped="0" hostname="M5-L-72223F5" name="qaclickacademy.AppiumTest" tests="2" failures="0" timestamp="19 Apr 2019 20:26:00 GMT" time="0.021" errors="0">
  <testcase name="IOsApps" time="0.019" classname="qaclickacademy.AppiumTest"/>
  <testcase name="NAtiveAppAndroid" time="0.002" classname="qaclickacademy.AppiumTest"/>
</testsuite> <!-- qaclickacademy.AppiumTest -->
