<?xml version="1.0" encoding="UTF-8"?>
<!-- Generated by org.testng.reporters.JUnitReportReporter -->
<testsuite skipped="0" hostname="M5-L-72223F5" name="qaclickacademy.AppTest" tests="1" failures="0" timestamp="19 Apr 2019 20:26:00 GMT" time="0.003" errors="0">
  <testcase name="testApp" time="0.003" classname="qaclickacademy.AppTest"/>
</testsuite> <!-- qaclickacademy.AppTest -->
